1604613072261	geckodriver	INFO	Listening on 127.0.0.1:12564
1604613075301	mozrunner::runner	INFO	Running command: "C:\\P1604613076105	mozrunner::runner	INFO	Running command: "C:\\P1604613076525	mozrunner::runner	INFO	Running command: "C:\\Program Files\\Mozilla Firefox\\firefox.exeCan't find symbol 'eglSwapBuffersWithDamageEXT'.
JavaScript error: resource://gre/modules/XULStore.jsm, line JavaScript error: resource://gre/modules/Xconsole.warn: SearchSettings: "get: No settings file exists, new profile?" (new Error("", "(unknown module)"))
1604613090645	Marionette	INFO	Listening on port 12589
1604613090780	Marionette	WARN	TLS certificate errors will be igno1604613095927	Marionette	INFO	Listening on port 12609
1604613096503	Marionette	WARN	TLS certificate errors will be ignored for this 1604613099766	Marionette	INFO	Stopped listening on port 1259160
###!!! [Child][RunMessage] Error: Channel closing: too lat
###!!! [Child][RunMessage] Error: Channel closing: too late to send/recv, messages will be lost


###!!! [Child][MessageChannel::SendAndWait] Error: Channel error: cannot send/recv

nel::SendAndWait] Error: Channel error: cannot send/recv

1604613115507	geckodriver	INFO	Listening on 127.0.0.1:12785
1604613118627	mozrunner::runner	INFO	Running command: "C:\\Program Files\\Mozilla Firefox\\firefox.exe" "--marionette" "-foreground" "-no-remote" "-profile" "C:\\Users\\ncohen\\AppData\\Local\\Temp\\rust_mozprofileNQvHAK"
Can't find symbol 'eglSwapBuffersWithDamageEXT'.
JavaScript error: resource://gre/modules/XULStore.jsm, line 66: Error: Can't find profile directory.
console.warn: SearchSettings: "get: No settings file exists, new profile?" (new Error("", "(unknown module)"))
1604613144500	Marionette	INFO	Listening on port 12827
1604613144823	Marionette	WARN	TLS certificate errors will be ignored for this session
JavaScript error: resource://gre/modules/URIFixup.jsm, line 271: NS_ERROR_FAILURE: Should pass a non-null uri
1604613147903	Marionette	INFO	Stopped listening on port 12827

###!!! [Child][RunMessage] Error: Channel closing: too late to send/recv, messages will be lost


###!!! [Child][MessageChannel::SendAndWait] Error: Channel error: cannot send/recv

nel error: cannot send/recv


###!!! [Child][RunMessage] Error: Channel error: cannot send/recv


###!!! [Child][RunMessage] Error: Channel error: cannot send/recv


###!!! [Child][RunMessage] Error: Channel error: cannot send/recv


###!!! [Child][RunMessage] Error: Channel error: cannot send/recv


###!!! [Child][RunMessage] Error: Channel error: cannot send/recv


###!!! [Child][RunMessage] Error: Channel error: cannot send/recv


###!!! [
###!!! [Child][RunMessage] Error: Channel closing: too late to send/recv, messages will be lost


###!!! [Child][MessageChannel::SendAndWait] Error: Channel error: cannot send/recv

 send/recv


###!!! [Child][RunMessage] Error: Channel error: cannot send/recv


###!!! [Child][RunMessage] Error: Channel error: cannot send/recv


###!!! [Child][RunMessage] Error: Channel error: cannot send/recv


###!!! [Child][RunMessage] Error: Channel error: cannot send/recv


###!!! [Child][RunMessage] Error: Channel error: cannot send/recv


###!!! [Child][RunMessage] Error: Channel error: cannot send/recv


###!!! [Child][RunMessage] Error: Channel error: cannot send/recv


###!!! [Child][RunMessage] Error: Channel error: cannot send/recv


###!!! [Child][RunMessage] Error: Channel error: cannot send/recv


###!!! [Child][RunMessage] Error: Channel error: cannot send/recv


###!!! [Child][RunMessage] Error: Channel error: cannot send/recv


###!!! [Child][RunMessage] Error: Channel error: cannot send/recv


###!!! [Child][RunMessage] Error: Channel error: cannot send/recv


###!!! [Child][RunMessage] Error: Channel error: cannot send/recv


###!!! [Child][RunMessage] Error: Channel error: cannot send/recv


###!!! [Child][RunMessage] Error: Channel error: cannot send/recv


###!!! [Child][RunMessage] Error: Channel error: cannot send/recv


###!!! [Child][RunMessage] Error: Channel error: cannot send/recv


###!!! [Child][RunMessage] Error: Channel error: cannot send/recv


###!!! [Child][RunMessage] Error: Channel error: cannot send/recv


###!!! [Child][RunMessage] Error: Channel error: cannot send/recv


###!!! [Child][RunMessage] Error: Channel error: cannot send/recv


###!!! [Child][RunMessage] Error: Channel error: cannot send/recv


###!!! [Child][RunMessage] Error: Channel error: cannot send/recv


###!!! [Child][RunMessage] Error: Channel error: cannot send/recv


###!!! [Child][RunMessage] Error: Channel error: cannot send/recv


###!!! [Child][RunMessage] Error: Channel error: cannot send/recv


###!!! [Child][RunMessage] Error: Channel error: cannot send/recv


###!!! [Child][RunMessage] Error: Channel error: cannot send/recv


###!!! [Child][RunMessage] Error: Channel error: cannot send/recv


###!!! [Child][RunMessage] Error: Channel error: cannot send/recv

1604613152133	Marionette	INFO	Stopped listening on port 12826

###!!! [Child][RunMessage] Error: Channel closing: too late to send/recv, messages will be lost


###!!! [Child][MessageChannel::SendAndWait] Error: Channel error: cannot send/recv

1604960107185	geckodriver	INFO	Listening on 127.0.0.1:54003
1604960110219	mozrunner::runner	INFO	Running command: "C:\\P1604960110314	mozrunner::runner	INFO	Running command: "C:\\P1604960110420	mozrunner::runner	INFO	Running command: "C:\\P1604960111728	mozrunner::runner	INFO	RunniCan't find symbol 'eglSwapBuffersWithDamageEXT'.
JavaScript error: resource://gre/modules/XULStore.jsm, line 66: Error: Can't find profile directory.
console.warn: SearchSettings: "get: No settings file exists,console.warn: SearchSettings: "get: No settings file1604960125052	Marionette	INFO	Listening on port 54035
160491604960125652	Marionette	INFO	Listening on port 54039
1604960126064	Marionette	WAJavaScript error: resource://gre/modul1604960129394	Marionette	INFO	Listening on port 54057
1604960129828	Mari1604960130687	Marionette	INFO	Stopped listening on port 5403160[GFX1-]: Failed to connect WebRenderBridgeChild.
1604960136452	Marionette	ERROR	[34] No reply from Marionette:Regist1604960140059	Marionette	INFO	Stopped listening on port 54057

###!!! [Child][RunMessage] Error: Channel closing: too late to send/recv, messages will be lost


###!!! [Child][MessageChannel::SendAndWait] Error: Channel error: cannot send/recv

Error: Channel error: cannot send/recv

 error: cannot send/recv

1605088534785	geckodriver	INFO	Listening on 127.0.0.1:9217
1605088537827	mozrunner::runner	INFO	Running command: "C:\\1605088538114	mozrunner::runner	INFO	Running command: "C:\\1605088538425	mozrunner::runner	INFO	Running command: "C:\\1605088538850	mozrunner::runner	INFO	Running Can't find symbol 'eglSwapBuffersWithDamageEXT'.
JavaScript error: resource://gre/modules/XULStore.jsm, lineJavaScript error: resource://gre/modules/XUconsole.warn: SearchSettings: "get: No settings file exists, new profile?" (new Error("", "(unknown module)"))
1605088550454	Marionette	INFO	Listening on port 9245
1605088551071	Marionette	WARN	TLS certificate errors will be ign160508console.warn: SearchSettings: "get: No settings file exists, new profile?" (new Error("", "(unknown module)160501605088557043	Marionette	INFO	Listening on port 9273
1605088557802	Marione160
###!!! [Child][MessageChannel::SendAndWait] Error: Channe
###!!! [Child][MessageChannel::SendAndWait] Error: Cha160
###!!! [Child][RunMessage] Error: Channel closing: too[Ch
###!!! [Child][RunMessage] Error: Channel closing: too late to send/recv, messages will be lost


###!!! [Child][MessageChannel::SendAndWait] Error: 1605088564901	Marionette	INFO	Stopped listening on port 9273

###!!! [Child][RunMessage] Error: Channel closing: too late to send/recv, messages will be lost


###!!! [Child][MessageChannel::SendAndWait] Error: Channel error: cannot send/recv

1605094690494	geckodriver	INFO	Listening on 127.0.0.1:12561
1605094693559	mozrunner::runner	INFO	Running command: "C:\\Program Files\\Mozilla Firefox\\firefox.exe" "--marionette" "-foreground" "-no-remote" "-profile" "C:\\Users\\ncohen\\AppData\\Local\\Temp\\rust_mozprofilecGtcn8"
Can't find symbol 'eglSwapBuffersWithDamageEXT'.
JavaScript error: resource://gre/modules/XULStore.jsm, line 66: Error: Can't find profile directory.
console.warn: SearchSettings: "get: No settings file exists, new profile?" (new Error("", "(unknown module)"))
1605094714726	Marionette	INFO	Listening on port 12603
1605094715123	Marionette	WARN	TLS certificate errors will be ignored for this session
JavaScript error: resource://gre/modules/URIFixup.jsm, line 271: NS_ERROR_FAILURE: Should pass a non-null uri
1605094723767	Marionette	INFO	Stopped listening on port 12603

###!!! [Child][RunMessage] Error: Channel closing: too late to send/recv, messages will be lost


###!!! [Child][MessageChannel::SendAndWait] Error: Channel error: cannot send/recv

hannel] Error: (msgtype=0x3800D3,name=PContent::Msg_ScriptErrorWithStack) Channel closing: too late to send/recv, messages will be lost


###!!! [Child][MessageChannel] Error: (msgtype=0x3800D3,name=PContent::Msg_ScriptErrorWithStack) Channel closing: too late to send/recv, messages will be lost


###!!! [Child][MessageChannel] Error: (msgtype=0x3800D3,name=PContent::Msg_ScriptErrorWithStack) Channel closing: too late to send/recv, messages will be lost


###!!! [Child][MessageChannel] Error: (msgtype=0x3800D3,name=PContent::Msg_ScriptErrorWithStack) Channel closing: too late to send/recv, messages will be lost


###!!! [Child][RunMessage] Error: Channel closing: too late to send/recv, messages will be lost


###!!! [Child][MessageChannel::SendAndWait] Error: Channel error: cannot send/recv

e] Error: Channel closing: too late to send/recv, messages will be lost


###!!! [Child][MessageChannel::SendAndWait] Error: Channel error: cannot send/recv

1605169024867	geckodriver	INFO	Listening on 127.0.0.1:57071
1605169027877	mozrunner::runner	INFO	Running command: "C:\\P1605169027991	mozrunner::runner	INFO	Running command: "C:\\P1605169028298	mozrunner::runner	INFO	Running command: "C:\\P1605169028405	mozrunner::runner	INFO	RunniCan't find symbol 'eglSwapBuffersWithDamageEXT'.
JavaScript error: resource://gre/modules/XULStore.jsm, line JavaScript error: resource://gre/modules/Xconsole.warn: SearchSettings: "get: No settings file exists, new profile?" (new Error("", "(unknown module)"))
console.console.warn: SearchSettings: "get: No settings file exists, new profile?" (new Error("", "(unknown module)"))
1605169053218	Marionette	INFO	Listening on port 57115
1605169053630	Marionette	WARN	TLS certificate errors will be ignored for this session
JavaScript error: resource://gre/modules/URIFixup.jsm,
###!!! [Child][MessageChannel::SendAndWait] Error: Chan1605169059536	Marionette	INFO	Stopped listening on port 57115

###!!! [Child][RunMessage] Error: Channel closing: too late to send/recv, messages will be lost


###!!! [Child][MessageChannel::SendAndWait] Error: Channel error: cannot send/recv

	ERROR	[24] No reply from Marionette:Register

###!!! [Child][RunMessage] Error: Channel closing: too late to send/recv, messages will be lost


###!!! [Child][MessageChannel::SendAndWait] Error: Channel error: cannot send/recv

hannel closing: too late to send/recv, messages will be lost


###!!! [Child][MessageChannel] Error: (msgtype=0x3800D3,name=PContent::Msg_ScriptErrorWithStack) Channel closing: too late to send/recv, messages will be lost


###!!! [Child][MessageChannel] Error: (msgtype=0x3800D3,name=PContent::Msg_ScriptErrorWithStack) Channel closing: too late to send/recv, messages will be lost


###!!! [Child][MessageChannel] Error: (msgtype=0x3800D3,name=PContent::Msg_ScriptErrorWithStack) Channel closing: too late to send/recv, messages will be lost

1605169058207	Marionette	ERROR	[24] No reply from Marionette:Register

###!!! [Child][RunMessage] Error: Channel closing: too late to send/recv, messages will be lost


###!!! [Child][MessageChannel::SendAndWait] Error: Channel error: cannot send/recv

1605177359314	geckodriver	INFO	Listening on 127.0.0.1:8553
1605177362283	mozrunner::runner	INFO	Running command: "C:\\1605177362521	mozrunner::runner	INFO	Running command: "C:\\Program Files\\Mozilla Firefox\\firefox.exe" "--marionette" "-foreground" "-no-remCan't find symbol 'eglSwapBuffersWithDamageEXT'.
[GFX1-]: Can't find symbol 'eglSwapBuffersWithDamageEXT'.
[GFX1-]: RcANGLE(no compositor window)
[GFX1-]: Failed to connect WebRenderBridgeChild.
[GFX1-]: [D3D11] create swap chain failed: 0x887a0022, 0
[GFX1-]: [D3D11] Failed to init[GFX1-]: [D3D11] create swap chain failed: 0x887a0022, 0
[GFX1-]: [D3D11] Failed to init compositor with reason: FEATURE_FAILURE_D3D11_SWAP_CHAIN
JavaScript error: resource://gre/modules/XULStore.jsm, lineconsole.warn: SearchSettings: "get: No settconsole.warn: SearchSettings: "get: No settings file exists, new profile?" (new Error("", "(unknown module)"))
[GFX1-]: [D3D11] create swap chain failed: 0x887a0022, 0
[GFX1-]: [D3D11] Failed to init compositor with reason: FEATURE_FAILURE_D3D11_SWAP_CHAIN
1605177373290	Marionette	INFO	Listening on port 8594
1605177373866	Marionette	WARN	TLS certificate errors will be ignored for this session
1605177380873	Marionette	INFO	Stopped listening on port 8599

###!!! [Child][MessageChannel::SendAn1605177383652	Marionette	INFO	Stopped listening on port 8594

###!!! [Child][RunMessage] Error: Channel closing: too late to send/recv, messages will be lost


###!!! [Child][MessageChannel::SendAndWait] Error: Channel error: cannot send/recv

el::SendAndWait] Error: Channel error: cannot send/recv

 will be lost


###!!! [Child][MessageChannel::SendAndWait] Error: Channel error: cannot send/recv

Channel] Error: (msgtype=0x3800D3,name=PContent::Msg_ScriptErrorWithStack) Channel closing: too late to send/recv, messages will be lost

1605177379345	Marionette	INFO	Stopped listening on port 8602

###!!! [Child][RunMessage] Error: Channel closing: too late to send/recv, messages will be lost


###!!! [Child][MessageChannel::SendAndWait] Error: Channel error: cannot send/recv

1605215933391	geckodriver	INFO	Listening on 127.0.0.1:7844
1605215936396	mozrunner::runner	INFO	Running command: "C:\\Program Files\\Mozilla Firefox\\firefox.exe" "--marionette" "-foreground" "-no-remote" "-profile" "C:\\Users\\ncohen\\AppData\\Local\\Temp\\rust_mozprofileWbkMk6"
Can't find symbol 'eglSwapBuffersWithDamageEXT'.
JavaScript error: resource://gre/modules/XULStore.jsm, line 66: Error: Can't find profile directory.
console.warn: SearchSettings: "get: No settings file exists, new profile?" (new Error("", "(unknown module)"))
1605215950848	Marionette	INFO	Listening on port 7885
1605215951031	Marionette	WARN	TLS certificate errors will be ignored for this session
JavaScript error: resource://gre/modules/URIFixup.jsm, line 271: NS_ERROR_FAILURE: Should pass a non-null uri

###!!! [Child][MessageChannel] Error: (msgtype=0x3800D3,name[GFX1-]: Failed to connect WebRenderBridgeChild.
1605215959761	Marionette	ERROR	[24] No reply from Marionette:Register

###!!! [Child][RunMessage] Error: Channel closing: too late to send/recv, messages will be lost


###!!! [Child][MessageChannel::SendAndWait] Error: Channel error: cannot send/recv

! [Child][RunMessage] Error: Channel closing: too late to send/recv, messages will be lost


###!!! [Child][RunMessage] Error: Channel closing: too late to send/recv, messages will be lost


###!!! [Child][RunMessage] Error: Channel closing: too late to send/recv, messages will be lost


###!!! [Child][RunMessage] Error: Channel closing: too late to send/recv, messages will be lost


###!!! [Child][RunMessage] Error: Channel closing1605215960056	Marionette	INFO	Stopped listening on port 7884

###!!! [Child][RunMessage] Error: Channel closin1605215960500	Marionette	ERROR	[24] No reply from M
###!!! [Child][Run
###!!! [Child][MessageChannel::SendAndWait] Error: Channel error: cannot send/recv

! [Child][MessageChannel::SendAndWait] Error: Channel error: cannot send/recv



###!!! [Child][RunMessage] Error: Channel closing: too late to send/recv, messages will be lost


###!!! [Child][RunMessage] Error: Channel closing: too late to send/recv, messages will be lost


###!!! [Child][RunMessage] Error: Channel closing: too late to send/recv, messages will be lost


###!!! [Child][RunMessage] Error: Channel closing: too late to send/recv, messages will be lost


###!!! [Child][RunMessage] Error: Channel closing: too late to send/recv, messages will be lost


###!!! [Child][RunMessage] Error: Channel closing: too late to send/recv, messages will be lost


###!!! [Child][RunMessage] Error: Channel closing: too late to send/recv, messages will be lost


###!!! [Child][RunMessage] Error: Channel closing: too late to send/recv, messages will be lost


###!!! [Child][RunMessage] Error: Channel closing: too late to send/recv, messages will be lost


###!!! [Child][RunMessage] Error: Channel closing: too late to send/recv, messages will be lost


###!!! [Child][MessageChannel] Error: (msgtype=0x3800D3,name=PContent::Msg_ScriptErrorWithStack) Channel closing: too late to send/recv, messages will be lost


###!!! [Child][MessageChannel] Error: (msgtype=0x3800D3,name=PContent::Msg_ScriptErrorWithStack) Channel closing: too late to send/recv, messages will be lost


###!!! [Child][MessageChannel] Error: (msgtype=0x3800D3,name=PContent::Msg_ScriptErrorWithStack) Channel closing: too late to send/recv, messages will be lost


###!!! [Child][MessageChannel] Error: (msgtype=0x3800D3,name=PContent::Msg_ScriptErrorWithStack) Channel closing: too late to send/recv, messages will be lost


###!!! [Child][MessageChannel] Error: (msgtype=0x3800D3,name=PContent::Msg_ScriptErrorWithStack) Channel closing: too late to send/recv, messages will be lost

[GFX1-]: Failed to connect WebRenderBridgeChild.
1605215959516	Marionette	ERROR	[24] No reply from Marionette:Register

###!!! [Child][MessageChannel::SendAndWait] Error: Channel error: cannot send/recv

